[2022-03-21T09:33:45.588] [ERROR] error - 
[2022-03-21T09:35:41.572] [ERROR] error - 
[2022-03-21T09:38:37.754] [ERROR] error - 
[2022-03-21T09:46:55.858] [ERROR] error - 
[2022-03-21T10:21:36.631] [ERROR] error - 
[2022-03-21T10:23:19.106] [ERROR] error - 
[2022-03-21T10:25:54.792] [ERROR] error - 
[2022-03-21T10:37:24.925] [ERROR] error - 
[2022-03-21T10:49:25.072] [ERROR] error - 
[2022-03-21T10:53:08.878] [ERROR] error - 
[2022-03-21T10:53:12.718] [ERROR] error - 
[2022-03-21T11:06:00.468] [ERROR] error - 账号或密码不正确
[2022-03-21T11:06:46.665] [ERROR] error - 账号或密码不正确
[2022-03-21T11:07:25.151] [ERROR] error - 账号或密码不正确
[2022-03-21T11:07:31.866] [ERROR] error - 账号或密码不正确
[2022-03-21T11:08:52.125] [ERROR] error - 账号或密码不正确
[2022-03-21T11:18:10.125] [ERROR] error - 账号或密码不正确
[2022-03-21T11:18:15.358] [ERROR] error - 账号或密码不正确
[2022-03-21T11:18:49.733] [ERROR] error - 账号或密码不正确
[2022-03-21T11:19:53.264] [ERROR] error - 账号或密码不正确
[2022-03-21T11:20:30.181] [ERROR] error - 账号或密码不正确
[2022-03-21T11:20:57.308] [ERROR] error - {
  deptId: [],
  state: 1,
  role: 1,
  roleList: [],
  createTime: 2022-03-21T03:20:46.640Z,
  lastLoginTime: 2022-03-21T03:20:46.640Z,
  _id: new ObjectId("6237eecbc84e04f030ecf10c"),
  userName: 'admin',
  userPwd: 'admin'
}
[2022-03-21T11:21:44.908] [ERROR] error - {
  deptId: [],
  state: 1,
  role: 1,
  roleList: [],
  createTime: 2022-03-21T03:21:42.673Z,
  lastLoginTime: 2022-03-21T03:21:42.673Z,
  _id: new ObjectId("6237eecbc84e04f030ecf10c"),
  userName: 'admin',
  userPwd: 'admin'
}
[2022-03-21T11:21:55.369] [ERROR] error - {
  deptId: [],
  state: 1,
  role: 1,
  roleList: [],
  createTime: 2022-03-21T03:21:42.673Z,
  lastLoginTime: 2022-03-21T03:21:42.673Z,
  _id: new ObjectId("6237eecbc84e04f030ecf10c"),
  userName: 'admin',
  userPwd: 'admin'
}
[2022-03-21T11:22:24.520] [ERROR] error - {
  deptId: [],
  state: 1,
  role: 1,
  roleList: [],
  createTime: 2022-03-21T03:22:18.923Z,
  lastLoginTime: 2022-03-21T03:22:18.923Z,
  _id: new ObjectId("6237eecbc84e04f030ecf10c"),
  userName: 'admin',
  userPwd: 'admin'
}
[2022-03-21T11:23:37.700] [ERROR] error - {
  deptId: [],
  state: 1,
  role: 1,
  roleList: [],
  createTime: 2022-03-21T03:23:35.490Z,
  lastLoginTime: 2022-03-21T03:23:35.490Z,
  _id: new ObjectId("6237eecbc84e04f030ecf10c"),
  userName: 'admin',
  userPwd: 'admin'
}
[2022-03-21T11:24:32.063] [ERROR] error - {
  deptId: [],
  state: 1,
  role: 1,
  roleList: [],
  createTime: 2022-03-21T03:24:29.919Z,
  lastLoginTime: 2022-03-21T03:24:29.919Z,
  _id: new ObjectId("6237eecbc84e04f030ecf10c"),
  userName: 'admin',
  userPwd: 'admin'
}
[2022-03-21T11:24:40.220] [ERROR] error - {
  deptId: [],
  state: 1,
  role: 1,
  roleList: [],
  createTime: 2022-03-21T03:24:38.243Z,
  lastLoginTime: 2022-03-21T03:24:38.243Z,
  _id: new ObjectId("6237eecbc84e04f030ecf10c"),
  userName: 'admin',
  userPwd: 'admin'
}
[2022-03-21T11:26:49.193] [ERROR] error - {
  deptId: [],
  state: 1,
  role: 1,
  roleList: [],
  createTime: 2022-03-21T03:26:47.474Z,
  lastLoginTime: 2022-03-21T03:26:47.474Z,
  _id: new ObjectId("6237eecbc84e04f030ecf10c"),
  userName: 'admin',
  userPwd: 'admin'
}
[2022-03-21T11:27:02.011] [ERROR] error - {
  deptId: [],
  state: 1,
  role: 1,
  roleList: [],
  createTime: 2022-03-21T03:26:58.888Z,
  lastLoginTime: 2022-03-21T03:26:58.888Z,
  _id: new ObjectId("6237eecbc84e04f030ecf10c"),
  userName: 'admin',
  userPwd: 'admin'
}
[2022-03-21T11:27:07.902] [ERROR] error - {
  deptId: [],
  state: 1,
  role: 1,
  roleList: [],
  createTime: 2022-03-21T03:26:58.888Z,
  lastLoginTime: 2022-03-21T03:26:58.888Z,
  _id: new ObjectId("6237eecbc84e04f030ecf10c"),
  userName: 'admin',
  userPwd: 'admin'
}
[2022-03-21T11:29:12.670] [ERROR] error - {
  deptId: [],
  state: 1,
  role: 1,
  roleList: [],
  createTime: 2022-03-21T03:29:06.180Z,
  lastLoginTime: 2022-03-21T03:29:06.180Z,
  _id: new ObjectId("6237eecbc84e04f030ecf10c"),
  userName: 'admin',
  userPwd: 'admin'
}
[2022-03-21T11:29:23.356] [ERROR] error - {
  deptId: [],
  state: 1,
  role: 1,
  roleList: [],
  createTime: 2022-03-21T03:29:22.763Z,
  lastLoginTime: 2022-03-21T03:29:22.763Z,
  _id: new ObjectId("6237eecbc84e04f030ecf10c"),
  userName: 'admin',
  userPwd: 'admin'
}
[2022-03-21T11:33:17.960] [ERROR] error - {
  deptId: [],
  state: 1,
  role: 1,
  roleList: [],
  createTime: 2022-03-21T03:33:15.283Z,
  lastLoginTime: 2022-03-21T03:33:15.283Z,
  _id: new ObjectId("6237eecbc84e04f030ecf10c"),
  userName: 'admin',
  userPwd: 'admin'
}
[2022-03-21T11:33:23.325] [ERROR] error - {
  deptId: [],
  state: 1,
  role: 1,
  roleList: [],
  createTime: 2022-03-21T03:33:15.283Z,
  lastLoginTime: 2022-03-21T03:33:15.283Z,
  _id: new ObjectId("6237eecbc84e04f030ecf10c"),
  userName: 'admin',
  userPwd: 'admin'
}
